<?xml version="1.0" encoding="UTF-8"?>
<!-- Generated by org.testng.reporters.JUnitReportReporter -->
<testsuite hostname="LAPTOP-E9K3KF14" name="com.Framework.CreateFramework.testCases.TestCustomerAPI" tests="1" failures="0" timestamp="23 Apr 2020 07:59:39 GMT" time="6.446" errors="0">
  <testcase name="checkCreateCustomerApiwithValiddata" time="6.446" classname="com.Framework.CreateFramework.testCases.TestCustomerAPI"/>
</testsuite> <!-- com.Framework.CreateFramework.testCases.TestCustomerAPI -->
