<?xml version="1.0" encoding="UTF-8"?>
<!-- Generated by org.testng.reporters.JUnitReportReporter -->
<testsuite hostname="LAPTOP-E9K3KF14" name="com.Framework.CreateFramework.testCases.TestCustomerAPI" tests="1" failures="0" timestamp="2 May 2020 18:57:46 GMT" time="29.739" errors="0">
  <testcase name="checkCreateCustomerApiwithValiddata" time="29.739" classname="com.Framework.CreateFramework.testCases.TestCustomerAPI"/>
</testsuite> <!-- com.Framework.CreateFramework.testCases.TestCustomerAPI -->
