<?xml version="1.0" encoding="UTF-8"?>
<!-- Generated by org.testng.reporters.JUnitReportReporter -->
<testsuite hostname="LAPTOP-E9K3KF14" name="com.Framework.CreateFramework.testCases.TestCreateCustomerAPI" tests="1" failures="0" timestamp="21 Apr 2020 08:56:37 GMT" time="5.249" errors="0">
  <testcase name="listAllCustomers" time="5.249" classname="com.Framework.CreateFramework.testCases.TestCreateCustomerAPI"/>
</testsuite> <!-- com.Framework.CreateFramework.testCases.TestCreateCustomerAPI -->
